<?xml version="1.0" encoding="UTF-8"?>
<!-- Generated by org.testng.reporters.JUnitReportReporter -->
<testsuite hostname="Saqibs-MacBook-Pro.local" name="TestLocationsPage" tests="2" failures="0" timestamp="30 Mar 2019 19:49:46 GMT" time="26.211" errors="0">
  <testcase name="TestLocationTitle" time="10.987" classname="TestLocationsPage"/>
  <testcase name="searchZipCode" time="15.224" classname="TestLocationsPage"/>
</testsuite> <!-- TestLocationsPage -->
