<?xml version="1.0" encoding="UTF-8"?>
<!-- Generated by org.testng.reporters.JUnitReportReporter -->
<testsuite hostname="Saqibs-MacBook-Pro.local" name="TestBoAForgotCredentialsPage" tests="10" failures="0" timestamp="28 Mar 2019 08:07:38 GMT" time="52.353" errors="0">
  <testcase name="testShortSSN" time="7.009" classname="TestBoAForgotCredentialsPage"/>
  <testcase name="testForgotLogo" time="5.769" classname="TestBoAForgotCredentialsPage"/>
  <testcase name="testCredentials" time="4.152" classname="TestBoAForgotCredentialsPage"/>
  <testcase name="testAccntNumBox" time="4.859" classname="TestBoAForgotCredentialsPage"/>
  <testcase name="testShortAcctNum" time="4.833" classname="TestBoAForgotCredentialsPage"/>
  <testcase name="testAccntNumInput" time="6.819" classname="TestBoAForgotCredentialsPage"/>
  <testcase name="testTitle" time="4.858" classname="TestBoAForgotCredentialsPage"/>
  <testcase name="testCancelBtn" time="4.254" classname="TestBoAForgotCredentialsPage"/>
  <testcase name="testAccntNumEnter" time="5.269" classname="TestBoAForgotCredentialsPage"/>
  <testcase name="testSSNEnter" time="4.531" classname="TestBoAForgotCredentialsPage"/>
</testsuite> <!-- TestBoAForgotCredentialsPage -->
