<?xml version="1.0" encoding="UTF-8" ?>
<testsuite tests="342" failures="1" name="TestSuite" time="31.316" errors="0" skipped="336">
  <properties>
    <property name="idea.version" value="2018.3.4"/>
    <property name="java.runtime.name" value="Java(TM) SE Runtime Environment"/>
    <property name="sun.boot.library.path" value="/Library/Java/JavaVirtualMachines/jdk1.8.0_73.jdk/Contents/Home/jre/lib"/>
    <property name="java.vm.version" value="25.73-b02"/>
    <property name="gopherProxySet" value="false"/>
    <property name="java.vm.vendor" value="Oracle Corporation"/>
    <property name="maven.multiModuleProjectDirectory" value="/Users/Saqib/Desktop/AutomationFrameworkGroup2/BankOfAmerica"/>
    <property name="java.vendor.url" value="http://java.oracle.com/"/>
    <property name="path.separator" value=":"/>
    <property name="guice.disable.misplaced.annotation.check" value="true"/>
    <property name="java.vm.name" value="Java HotSpot(TM) 64-Bit Server VM"/>
    <property name="file.encoding.pkg" value="sun.io"/>
    <property name="user.country" value="US"/>
    <property name="sun.java.launcher" value="SUN_STANDARD"/>
    <property name="sun.os.patch.level" value="unknown"/>
    <property name="java.vm.specification.name" value="Java Virtual Machine Specification"/>
    <property name="user.dir" value="/Users/Saqib/Desktop/AutomationFrameworkGroup2/BankOfAmerica"/>
    <property name="java.runtime.version" value="1.8.0_73-b02"/>
    <property name="java.awt.graphicsenv" value="sun.awt.CGraphicsEnvironment"/>
    <property name="java.endorsed.dirs" value="/Library/Java/JavaVirtualMachines/jdk1.8.0_73.jdk/Contents/Home/jre/lib/endorsed"/>
    <property name="os.arch" value="x86_64"/>
    <property name="java.io.tmpdir" value="/var/folders/x2/7d20k9ks6j76chkptfvkxk1r0000gn/T/"/>
    <property name="line.separator" value="
"/>
    <property name="java.vm.specification.vendor" value="Oracle Corporation"/>
    <property name="os.name" value="Mac OS X"/>
    <property name="classworlds.conf" value="/Applications/IntelliJ IDEA CE.app/Contents/plugins/maven/lib/maven3/bin/m2.conf"/>
    <property name="sun.jnu.encoding" value="UTF-8"/>
    <property name="java.library.path" value="/Users/Saqib/Library/Java/Extensions:/Library/Java/Extensions:/Network/Library/Java/Extensions:/System/Library/Java/Extensions:/usr/lib/java:."/>
    <property name="java.specification.name" value="Java Platform API Specification"/>
    <property name="java.class.version" value="52.0"/>
    <property name="sun.management.compiler" value="HotSpot 64-Bit Tiered Compilers"/>
    <property name="os.version" value="10.14.3"/>
    <property name="http.nonProxyHosts" value="local|*.local|169.254/16|*.169.254/16"/>
    <property name="user.home" value="/Users/Saqib"/>
    <property name="user.timezone" value="America/New_York"/>
    <property name="java.awt.printerjob" value="sun.lwawt.macosx.CPrinterJob"/>
    <property name="java.specification.version" value="1.8"/>
    <property name="file.encoding" value="UTF-8"/>
    <property name="user.name" value="Saqib"/>
    <property name="java.class.path" value="/Applications/IntelliJ IDEA CE.app/Contents/plugins/maven/lib/maven3/boot/plexus-classworlds-2.5.2.jar:/Applications/IntelliJ IDEA CE.app/Contents/lib/idea_rt.jar"/>
    <property name="java.vm.specification.version" value="1.8"/>
    <property name="sun.arch.data.model" value="64"/>
    <property name="java.home" value="/Library/Java/JavaVirtualMachines/jdk1.8.0_73.jdk/Contents/Home/jre"/>
    <property name="sun.java.command" value="org.codehaus.classworlds.Launcher -Didea.version=2018.3.4 test"/>
    <property name="java.specification.vendor" value="Oracle Corporation"/>
    <property name="user.language" value="en"/>
    <property name="awt.toolkit" value="sun.lwawt.macosx.LWCToolkit"/>
    <property name="java.vm.info" value="mixed mode"/>
    <property name="java.version" value="1.8.0_73"/>
    <property name="java.ext.dirs" value="/Users/Saqib/Library/Java/Extensions:/Library/Java/JavaVirtualMachines/jdk1.8.0_73.jdk/Contents/Home/jre/lib/ext:/Library/Java/Extensions:/Network/Library/Java/Extensions:/System/Library/Java/Extensions:/usr/lib/java"/>
    <property name="sun.boot.class.path" value="/Library/Java/JavaVirtualMachines/jdk1.8.0_73.jdk/Contents/Home/jre/lib/resources.jar:/Library/Java/JavaVirtualMachines/jdk1.8.0_73.jdk/Contents/Home/jre/lib/rt.jar:/Library/Java/JavaVirtualMachines/jdk1.8.0_73.jdk/Contents/Home/jre/lib/sunrsasign.jar:/Library/Java/JavaVirtualMachines/jdk1.8.0_73.jdk/Contents/Home/jre/lib/jsse.jar:/Library/Java/JavaVirtualMachines/jdk1.8.0_73.jdk/Contents/Home/jre/lib/jce.jar:/Library/Java/JavaVirtualMachines/jdk1.8.0_73.jdk/Contents/Home/jre/lib/charsets.jar:/Library/Java/JavaVirtualMachines/jdk1.8.0_73.jdk/Contents/Home/jre/lib/jfr.jar:/Library/Java/JavaVirtualMachines/jdk1.8.0_73.jdk/Contents/Home/jre/classes"/>
    <property name="java.vendor" value="Oracle Corporation"/>
    <property name="maven.home" value="/Applications/IntelliJ IDEA CE.app/Contents/plugins/maven/lib/maven3"/>
    <property name="file.separator" value="/"/>
    <property name="java.vendor.url.bug" value="http://bugreport.sun.com/bugreport/"/>
    <property name="sun.cpu.endian" value="little"/>
    <property name="sun.io.unicode.encoding" value="UnicodeBig"/>
    <property name="socksNonProxyHosts" value="local|*.local|169.254/16|*.169.254/16"/>
    <property name="ftp.nonProxyHosts" value="local|*.local|169.254/16|*.169.254/16"/>
    <property name="sun.cpu.isalist" value=""/>
  </properties>
  <testcase classname="TestBoAAppointmentPage" name="testAppointmentTitle" time="0.012"/>
  <testcase classname="TestBoAForgotCredentialsPage" name="testTitle" time="0.01"/>
  <testcase classname="TestBoAHome" name="testBoAHomeTitle" time="0.203"/>
  <testcase classname="TestBoALoanCalculatorPage" name="testVerifyCarPrice" time="0.717"/>
  <testcase classname="TestBoALocationsPage" name="testLocationsUrl" time="0.016"/>
  <testcase classname="TestBoAAppointmentPage" name="initialize" time="25.098">
    <failure message="timeout
  (Session info: chrome=73.0.3683.86)
  (Driver info: chromedriver=2.46.628411 (3324f4c8be9ff2f70a05a30ebc72ffb013e1a71e),platform=Mac OS X 10.14.3 x86_64) (WARNING: The server did not provide any stacktrace information)
Command duration or timeout: 0 milliseconds
Build info: version: &apos;3.141.59&apos;, revision: &apos;e82be7d358&apos;, time: &apos;2018-11-14T08:17:03&apos;
System info: host: &apos;Saqibs-MacBook-Pro.local&apos;, ip: &apos;fe80:0:0:0:f9:630b:388:f57b%en0&apos;, os.name: &apos;Mac OS X&apos;, os.arch: &apos;x86_64&apos;, os.version: &apos;10.14.3&apos;, java.version: &apos;1.8.0_73&apos;
Driver info: org.openqa.selenium.chrome.ChromeDriver
Capabilities {acceptInsecureCerts: false, acceptSslCerts: false, applicationCacheEnabled: false, browserConnectionEnabled: false, browserName: chrome, chrome: {chromedriverVersion: 2.46.628411 (3324f4c8be9ff2..., userDataDir: /var/folders/x2/7d20k9ks6j7...}, cssSelectorsEnabled: true, databaseEnabled: false, goog:chromeOptions: {debuggerAddress: localhost:52930}, handlesAlerts: true, hasTouchScreen: false, javascriptEnabled: true, locationContextEnabled: true, mobileEmulationEnabled: false, nativeEvents: true, networkConnectionEnabled: false, pageLoadStrategy: normal, platform: MAC, platformName: MAC, proxy: Proxy(), rotatable: false, setWindowRect: true, strictFileInteractability: false, takesHeapSnapshot: true, takesScreenshot: true, timeouts: {implicit: 0, pageLoad: 300000, script: 30000}, unexpectedAlertBehaviour: ignore, unhandledPromptBehavior: ignore, version: 73.0.3683.86, webStorageEnabled: true}
Session ID: 06408a9f4970695d938506ae0e00072c" type="org.openqa.selenium.TimeoutException">org.openqa.selenium.TimeoutException: timeout
  (Session info: chrome=73.0.3683.86)
  (Driver info: chromedriver=2.46.628411 (3324f4c8be9ff2f70a05a30ebc72ffb013e1a71e),platform=Mac OS X 10.14.3 x86_64) (WARNING: The server did not provide any stacktrace information)
Command duration or timeout: 0 milliseconds
Build info: version: &apos;3.141.59&apos;, revision: &apos;e82be7d358&apos;, time: &apos;2018-11-14T08:17:03&apos;
System info: host: &apos;Saqibs-MacBook-Pro.local&apos;, ip: &apos;fe80:0:0:0:f9:630b:388:f57b%en0&apos;, os.name: &apos;Mac OS X&apos;, os.arch: &apos;x86_64&apos;, os.version: &apos;10.14.3&apos;, java.version: &apos;1.8.0_73&apos;
Driver info: org.openqa.selenium.chrome.ChromeDriver
Capabilities {acceptInsecureCerts: false, acceptSslCerts: false, applicationCacheEnabled: false, browserConnectionEnabled: false, browserName: chrome, chrome: {chromedriverVersion: 2.46.628411 (3324f4c8be9ff2..., userDataDir: /var/folders/x2/7d20k9ks6j7...}, cssSelectorsEnabled: true, databaseEnabled: false, goog:chromeOptions: {debuggerAddress: localhost:52930}, handlesAlerts: true, hasTouchScreen: false, javascriptEnabled: true, locationContextEnabled: true, mobileEmulationEnabled: false, nativeEvents: true, networkConnectionEnabled: false, pageLoadStrategy: normal, platform: MAC, platformName: MAC, proxy: Proxy(), rotatable: false, setWindowRect: true, strictFileInteractability: false, takesHeapSnapshot: true, takesScreenshot: true, timeouts: {implicit: 0, pageLoad: 300000, script: 30000}, unexpectedAlertBehaviour: ignore, unhandledPromptBehavior: ignore, version: 73.0.3683.86, webStorageEnabled: true}
Session ID: 06408a9f4970695d938506ae0e00072c
	at sun.reflect.NativeConstructorAccessorImpl.newInstance0(Native Method)
	at sun.reflect.NativeConstructorAccessorImpl.newInstance(NativeConstructorAccessorImpl.java:62)
	at sun.reflect.DelegatingConstructorAccessorImpl.newInstance(DelegatingConstructorAccessorImpl.java:45)
	at java.lang.reflect.Constructor.newInstance(Constructor.java:422)
	at org.openqa.selenium.remote.ErrorHandler.createThrowable(ErrorHandler.java:214)
	at org.openqa.selenium.remote.ErrorHandler.throwIfResponseFailed(ErrorHandler.java:166)
	at org.openqa.selenium.remote.http.JsonHttpResponseCodec.reconstructValue(JsonHttpResponseCodec.java:40)
	at org.openqa.selenium.remote.http.AbstractHttpResponseCodec.decode(AbstractHttpResponseCodec.java:80)
	at org.openqa.selenium.remote.http.AbstractHttpResponseCodec.decode(AbstractHttpResponseCodec.java:44)
	at org.openqa.selenium.remote.HttpCommandExecutor.execute(HttpCommandExecutor.java:158)
	at org.openqa.selenium.remote.service.DriverCommandExecutor.execute(DriverCommandExecutor.java:83)
	at org.openqa.selenium.remote.RemoteWebDriver.execute(RemoteWebDriver.java:552)
	at org.openqa.selenium.remote.RemoteWebDriver.get(RemoteWebDriver.java:277)
	at org.openqa.selenium.remote.RemoteWebDriver$RemoteNavigation.to(RemoteWebDriver.java:857)
	at TestBoAAppointmentPage.initialize(TestBoAAppointmentPage.java:16)
</failure>
    <system-err>[1553978961.150][SEVERE]: Timed out receiving message from renderer: 4.669
[1553978961.150][SEVERE]: Timed out receiving message from renderer: -0.001
[1553978961.155][SEVERE]: Timed out receiving message from renderer: -0.005
</system-err>
  </testcase>
  <testcase classname="TestBoAAppointmentPage" name="testAppointmentHead" time="0">
    <skipped/>
  </testcase>
  <testcase classname="TestBoAAppointmentPage" name="afterEachTestMethod" time="0">
    <skipped/>
  </testcase>
  <testcase classname="TestBoAForgotCredentialsPage" name="startExtent" time="0">
    <skipped/>
  </testcase>
  <testcase classname="TestBoAForgotCredentialsPage" name="initialize" time="0">
    <skipped/>
  </testcase>
  <testcase classname="TestBoAForgotCredentialsPage" name="testForgotLogo" time="0">
    <skipped/>
  </testcase>
  <testcase classname="TestBoAForgotCredentialsPage" name="afterEachTestMethod" time="0.001">
    <skipped/>
  </testcase>
  <testcase classname="TestBoAHome" name="startExtent" time="0.001">
    <skipped/>
  </testcase>
  <testcase classname="TestBoAHome" name="initialize" time="0.001">
    <skipped/>
  </testcase>
  <testcase classname="TestBoAHome" name="testOnlineId" time="0">
    <skipped/>
  </testcase>
  <testcase classname="TestBoAHome" name="afterEachTestMethod" time="0">
    <skipped/>
  </testcase>
  <testcase classname="TestBoALoanCalculatorPage" name="startExtent" time="0">
    <skipped/>
  </testcase>
  <testcase classname="TestBoALoanCalculatorPage" name="initialize" time="0">
    <skipped/>
  </testcase>
  <testcase classname="TestBoALoanCalculatorPage" name="testLoanHeader" time="0">
    <skipped/>
  </testcase>
  <testcase classname="TestBoALoanCalculatorPage" name="afterEachTestMethod" time="0.001">
    <skipped/>
  </testcase>
  <testcase classname="TestBoALocationsPage" name="startExtent" time="0.001">
    <skipped/>
  </testcase>
  <testcase classname="TestBoALocationsPage" name="initialize" time="0.001">
    <skipped/>
  </testcase>
  <testcase classname="TestBoALocationsPage" name="testLocationsTitle" time="0">
    <skipped/>
  </testcase>
  <testcase classname="TestBoALocationsPage" name="afterEachTestMethod" time="0">
    <skipped/>
  </testcase>
  <testcase classname="TestBoAAppointmentPage" name="startExtent" time="0">
    <skipped/>
  </testcase>
  <testcase classname="TestBoAAppointmentPage" name="initialize" time="0">
    <skipped/>
  </testcase>
  <testcase classname="TestBoAAppointmentPage" name="testEverydayBanking" time="0">
    <skipped/>
  </testcase>
  <testcase classname="TestBoAAppointmentPage" name="afterEachTestMethod" time="0">
    <skipped/>
  </testcase>
  <testcase classname="TestBoAForgotCredentialsPage" name="startExtent" time="0">
    <skipped/>
  </testcase>
  <testcase classname="TestBoAForgotCredentialsPage" name="initialize" time="0">
    <skipped/>
  </testcase>
  <testcase classname="TestBoAForgotCredentialsPage" name="testAccntNumBox" time="0">
    <skipped/>
  </testcase>
  <testcase classname="TestBoAForgotCredentialsPage" name="afterEachTestMethod" time="0">
    <skipped/>
  </testcase>
  <testcase classname="TestBoAHome" name="startExtent" time="0">
    <skipped/>
  </testcase>
  <testcase classname="TestBoAHome" name="initialize" time="0">
    <skipped/>
  </testcase>
  <testcase classname="TestBoAHome" name="testPasscode" time="0">
    <skipped/>
  </testcase>
  <testcase classname="TestBoAHome" name="afterEachTestMethod" time="0">
    <skipped/>
  </testcase>
  <testcase classname="TestBoALoanCalculatorPage" name="startExtent" time="0">
    <skipped/>
  </testcase>
  <testcase classname="TestBoALoanCalculatorPage" name="initialize" time="0">
    <skipped/>
  </testcase>
  <testcase classname="TestBoALoanCalculatorPage" name="testAutoLoanHeader" time="0">
    <skipped/>
  </testcase>
  <testcase classname="TestBoALoanCalculatorPage" name="afterEachTestMethod" time="0">
    <skipped/>
  </testcase>
  <testcase classname="TestBoALocationsPage" name="startExtent" time="0">
    <skipped/>
  </testcase>
  <testcase classname="TestBoALocationsPage" name="initialize" time="0.001">
    <skipped/>
  </testcase>
  <testcase classname="TestBoALocationsPage" name="testBankAtmLogo" time="0">
    <skipped/>
  </testcase>
  <testcase classname="TestBoALocationsPage" name="afterEachTestMethod" time="0">
    <skipped/>
  </testcase>
  <testcase classname="TestBoAAppointmentPage" name="startExtent" time="0">
    <skipped/>
  </testcase>
  <testcase classname="TestBoAAppointmentPage" name="initialize" time="0">
    <skipped/>
  </testcase>
  <testcase classname="TestBoAAppointmentPage" name="testMerrill" time="0">
    <skipped/>
  </testcase>
  <testcase classname="TestBoAAppointmentPage" name="afterEachTestMethod" time="0">
    <skipped/>
  </testcase>
  <testcase classname="TestBoAForgotCredentialsPage" name="startExtent" time="0">
    <skipped/>
  </testcase>
  <testcase classname="TestBoAForgotCredentialsPage" name="initialize" time="0">
    <skipped/>
  </testcase>
  <testcase classname="TestBoAForgotCredentialsPage" name="testAccntNumInput" time="0">
    <skipped/>
  </testcase>
  <testcase classname="TestBoAForgotCredentialsPage" name="afterEachTestMethod" time="0">
    <skipped/>
  </testcase>
  <testcase classname="TestBoAHome" name="startExtent" time="0">
    <skipped/>
  </testcase>
  <testcase classname="TestBoAHome" name="initialize" time="0">
    <skipped/>
  </testcase>
  <testcase classname="TestBoAHome" name="testSignInMessageNoPasscode" time="0">
    <skipped/>
  </testcase>
  <testcase classname="TestBoAHome" name="afterEachTestMethod" time="0">
    <skipped/>
  </testcase>
  <testcase classname="TestBoALoanCalculatorPage" name="startExtent" time="0">
    <skipped/>
  </testcase>
  <testcase classname="TestBoALoanCalculatorPage" name="initialize" time="0">
    <skipped/>
  </testcase>
  <testcase classname="TestBoALoanCalculatorPage" name="testTotalLoanBar" time="0">
    <skipped/>
  </testcase>
  <testcase classname="TestBoALoanCalculatorPage" name="afterEachTestMethod" time="0">
    <skipped/>
  </testcase>
  <testcase classname="TestBoALocationsPage" name="startExtent" time="0">
    <skipped/>
  </testcase>
  <testcase classname="TestBoALocationsPage" name="initialize" time="0">
    <skipped/>
  </testcase>
  <testcase classname="TestBoALocationsPage" name="testLocationsPlaceHolder" time="0">
    <skipped/>
  </testcase>
  <testcase classname="TestBoALocationsPage" name="afterEachTestMethod" time="0">
    <skipped/>
  </testcase>
  <testcase classname="TestBoAAppointmentPage" name="startExtent" time="0">
    <skipped/>
  </testcase>
  <testcase classname="TestBoAAppointmentPage" name="initialize" time="0">
    <skipped/>
  </testcase>
  <testcase classname="TestBoAAppointmentPage" name="testHomeLoans" time="0">
    <skipped/>
  </testcase>
  <testcase classname="TestBoAAppointmentPage" name="afterEachTestMethod" time="0">
    <skipped/>
  </testcase>
  <testcase classname="TestBoAForgotCredentialsPage" name="startExtent" time="0.001">
    <skipped/>
  </testcase>
  <testcase classname="TestBoAForgotCredentialsPage" name="initialize" time="0.001">
    <skipped/>
  </testcase>
  <testcase classname="TestBoAForgotCredentialsPage" name="testAccntNumEnter" time="0">
    <skipped/>
  </testcase>
  <testcase classname="TestBoAForgotCredentialsPage" name="afterEachTestMethod" time="0">
    <skipped/>
  </testcase>
  <testcase classname="TestBoAHome" name="startExtent" time="0">
    <skipped/>
  </testcase>
  <testcase classname="TestBoAHome" name="initialize" time="0">
    <skipped/>
  </testcase>
  <testcase classname="TestBoAHome" name="testSignInMessageNoOnlineId" time="0">
    <skipped/>
  </testcase>
  <testcase classname="TestBoAHome" name="afterEachTestMethod" time="0">
    <skipped/>
  </testcase>
  <testcase classname="TestBoALoanCalculatorPage" name="startExtent" time="0">
    <skipped/>
  </testcase>
  <testcase classname="TestBoALoanCalculatorPage" name="initialize" time="0">
    <skipped/>
  </testcase>
  <testcase classname="TestBoALoanCalculatorPage" name="testTermsMonth" time="0">
    <skipped/>
  </testcase>
  <testcase classname="TestBoALoanCalculatorPage" name="afterEachTestMethod" time="0">
    <skipped/>
  </testcase>
  <testcase classname="TestBoALocationsPage" name="startExtent" time="0.001">
    <skipped/>
  </testcase>
  <testcase classname="TestBoALocationsPage" name="initialize" time="0.001">
    <skipped/>
  </testcase>
  <testcase classname="TestBoALocationsPage" name="testFilterSearch" time="0">
    <skipped/>
  </testcase>
  <testcase classname="TestBoALocationsPage" name="afterEachTestMethod" time="0">
    <skipped/>
  </testcase>
  <testcase classname="TestBoAAppointmentPage" name="startExtent" time="0">
    <skipped/>
  </testcase>
  <testcase classname="TestBoAAppointmentPage" name="initialize" time="0">
    <skipped/>
  </testcase>
  <testcase classname="TestBoAAppointmentPage" name="testBusinessAdvantage" time="0.001">
    <skipped/>
  </testcase>
  <testcase classname="TestBoAAppointmentPage" name="afterEachTestMethod" time="0.001">
    <skipped/>
  </testcase>
  <testcase classname="TestBoAForgotCredentialsPage" name="startExtent" time="0.001">
    <skipped/>
  </testcase>
  <testcase classname="TestBoAForgotCredentialsPage" name="initialize" time="0.001">
    <skipped/>
  </testcase>
  <testcase classname="TestBoAForgotCredentialsPage" name="testSSNEnter" time="0">
    <skipped/>
  </testcase>
  <testcase classname="TestBoAForgotCredentialsPage" name="afterEachTestMethod" time="0">
    <skipped/>
  </testcase>
  <testcase classname="TestBoAHome" name="startExtent" time="0.001">
    <skipped/>
  </testcase>
  <testcase classname="TestBoAHome" name="initialize" time="0.001">
    <skipped/>
  </testcase>
  <testcase classname="TestBoAHome" name="testOnlineIDPlaceHolder" time="0">
    <skipped/>
  </testcase>
  <testcase classname="TestBoAHome" name="afterEachTestMethod" time="0">
    <skipped/>
  </testcase>
  <testcase classname="TestBoALoanCalculatorPage" name="startExtent" time="0">
    <skipped/>
  </testcase>
  <testcase classname="TestBoALoanCalculatorPage" name="initialize" time="0">
    <skipped/>
  </testcase>
  <testcase classname="TestBoALoanCalculatorPage" name="testInterestBar" time="0">
    <skipped/>
  </testcase>
  <testcase classname="TestBoALoanCalculatorPage" name="afterEachTestMethod" time="0.001">
    <skipped/>
  </testcase>
  <testcase classname="TestBoALocationsPage" name="startExtent" time="0.001">
    <skipped/>
  </testcase>
  <testcase classname="TestBoALocationsPage" name="initialize" time="0.001">
    <skipped/>
  </testcase>
  <testcase classname="TestBoALocationsPage" name="testFilterMessage" time="0">
    <skipped/>
  </testcase>
  <testcase classname="TestBoALocationsPage" name="afterEachTestMethod" time="0">
    <skipped/>
  </testcase>
  <testcase classname="TestBoAAppointmentPage" name="startExtent" time="0.001">
    <skipped/>
  </testcase>
  <testcase classname="TestBoAAppointmentPage" name="initialize" time="0.001">
    <skipped/>
  </testcase>
  <testcase classname="TestBoAAppointmentPage" name="testSignInBtn" time="0">
    <skipped/>
  </testcase>
  <testcase classname="TestBoAAppointmentPage" name="afterEachTestMethod" time="0">
    <skipped/>
  </testcase>
  <testcase classname="TestBoAForgotCredentialsPage" name="startExtent" time="0">
    <skipped/>
  </testcase>
  <testcase classname="TestBoAForgotCredentialsPage" name="initialize" time="0">
    <skipped/>
  </testcase>
  <testcase classname="TestBoAForgotCredentialsPage" name="testCredentials" time="0">
    <skipped/>
  </testcase>
  <testcase classname="TestBoAForgotCredentialsPage" name="afterEachTestMethod" time="0.001">
    <skipped/>
  </testcase>
  <testcase classname="TestBoAHome" name="startExtent" time="0.001">
    <skipped/>
  </testcase>
  <testcase classname="TestBoAHome" name="initialize" time="0.001">
    <skipped/>
  </testcase>
  <testcase classname="TestBoAHome" name="testBoALogo" time="0">
    <skipped/>
  </testcase>
  <testcase classname="TestBoAHome" name="afterEachTestMethod" time="0">
    <skipped/>
  </testcase>
  <testcase classname="TestBoALoanCalculatorPage" name="startExtent" time="0.001">
    <skipped/>
  </testcase>
  <testcase classname="TestBoALoanCalculatorPage" name="initialize" time="0.001">
    <skipped/>
  </testcase>
  <testcase classname="TestBoALoanCalculatorPage" name="testCalculateBtn" time="0">
    <skipped/>
  </testcase>
  <testcase classname="TestBoALoanCalculatorPage" name="afterEachTestMethod" time="0">
    <skipped/>
  </testcase>
  <testcase classname="TestBoALocationsPage" name="startExtent" time="0">
    <skipped/>
  </testcase>
  <testcase classname="TestBoALocationsPage" name="initialize" time="0">
    <skipped/>
  </testcase>
  <testcase classname="TestBoALocationsPage" name="testFilterClicks" time="0.001">
    <skipped/>
  </testcase>
  <testcase classname="TestBoALocationsPage" name="afterEachTestMethod" time="0.001">
    <skipped/>
  </testcase>
  <testcase classname="TestBoAAppointmentPage" name="startExtent" time="0.001">
    <skipped/>
  </testcase>
  <testcase classname="TestBoAAppointmentPage" name="initialize" time="0.001">
    <skipped/>
  </testcase>
  <testcase classname="TestBoAAppointmentPage" name="testVerifyBookAppt" time="0">
    <skipped/>
  </testcase>
  <testcase classname="TestBoAAppointmentPage" name="afterEachTestMethod" time="0">
    <skipped/>
  </testcase>
  <testcase classname="TestBoAForgotCredentialsPage" name="startExtent" time="0.001">
    <skipped/>
  </testcase>
  <testcase classname="TestBoAForgotCredentialsPage" name="initialize" time="0.001">
    <skipped/>
  </testcase>
  <testcase classname="TestBoAForgotCredentialsPage" name="testShortAcctNum" time="0">
    <skipped/>
  </testcase>
  <testcase classname="TestBoAForgotCredentialsPage" name="afterEachTestMethod" time="0">
    <skipped/>
  </testcase>
  <testcase classname="TestBoAHome" name="startExtent" time="0">
    <skipped/>
  </testcase>
  <testcase classname="TestBoAHome" name="initialize" time="0">
    <skipped/>
  </testcase>
  <testcase classname="TestBoAHome" name="testCheckingTab" time="0">
    <skipped/>
  </testcase>
  <testcase classname="TestBoAHome" name="afterEachTestMethod" time="0">
    <skipped/>
  </testcase>
  <testcase classname="TestBoALoanCalculatorPage" name="startExtent" time="0">
    <skipped/>
  </testcase>
  <testcase classname="TestBoALoanCalculatorPage" name="initialize" time="0">
    <skipped/>
  </testcase>
  <testcase classname="TestBoALoanCalculatorPage" name="testDetermineLoan" time="0">
    <skipped/>
  </testcase>
  <testcase classname="TestBoALoanCalculatorPage" name="afterEachTestMethod" time="0.001">
    <skipped/>
  </testcase>
  <testcase classname="TestBoALocationsPage" name="startExtent" time="0.001">
    <skipped/>
  </testcase>
  <testcase classname="TestBoALocationsPage" name="initialize" time="0.001">
    <skipped/>
  </testcase>
  <testcase classname="TestBoALocationsPage" name="testClearFilter" time="0">
    <skipped/>
  </testcase>
  <testcase classname="TestBoALocationsPage" name="afterEachTestMethod" time="0">
    <skipped/>
  </testcase>
  <testcase classname="TestBoAAppointmentPage" name="startExtent" time="0">
    <skipped/>
  </testcase>
  <testcase classname="TestBoAAppointmentPage" name="initialize" time="0.001">
    <skipped/>
  </testcase>
  <testcase classname="TestBoAAppointmentPage" name="testVerifyLearnMore" time="0">
    <skipped/>
  </testcase>
  <testcase classname="TestBoAAppointmentPage" name="afterEachTestMethod" time="0">
    <skipped/>
  </testcase>
  <testcase classname="TestBoAForgotCredentialsPage" name="startExtent" time="0">
    <skipped/>
  </testcase>
  <testcase classname="TestBoAForgotCredentialsPage" name="initialize" time="0">
    <skipped/>
  </testcase>
  <testcase classname="TestBoAForgotCredentialsPage" name="testShortSSN" time="0.002">
    <skipped/>
  </testcase>
  <testcase classname="TestBoAForgotCredentialsPage" name="afterEachTestMethod" time="0.002">
    <skipped/>
  </testcase>
  <testcase classname="TestBoAHome" name="startExtent" time="0.002">
    <skipped/>
  </testcase>
  <testcase classname="TestBoAHome" name="initialize" time="0.002">
    <skipped/>
  </testcase>
  <testcase classname="TestBoAHome" name="testSavingsTab" time="0">
    <skipped/>
  </testcase>
  <testcase classname="TestBoAHome" name="afterEachTestMethod" time="0">
    <skipped/>
  </testcase>
  <testcase classname="TestBoALoanCalculatorPage" name="startExtent" time="0">
    <skipped/>
  </testcase>
  <testcase classname="TestBoALoanCalculatorPage" name="initialize" time="0">
    <skipped/>
  </testcase>
  <testcase classname="TestBoALoanCalculatorPage" name="testCalculatePayment" time="0">
    <skipped/>
  </testcase>
  <testcase classname="TestBoALoanCalculatorPage" name="afterEachTestMethod" time="0">
    <skipped/>
  </testcase>
  <testcase classname="TestBoALocationsPage" name="startExtent" time="0">
    <skipped/>
  </testcase>
  <testcase classname="TestBoALocationsPage" name="initialize" time="0">
    <skipped/>
  </testcase>
  <testcase classname="TestBoALocationsPage" name="testDoneFilter" time="0">
    <skipped/>
  </testcase>
  <testcase classname="TestBoALocationsPage" name="afterEachTestMethod" time="0">
    <skipped/>
  </testcase>
  <testcase classname="TestBoAAppointmentPage" name="startExtent" time="0.001">
    <skipped/>
  </testcase>
  <testcase classname="TestBoAAppointmentPage" name="initialize" time="0.001">
    <skipped/>
  </testcase>
  <testcase classname="TestBoAAppointmentPage" name="testBenefitSent" time="0">
    <skipped/>
  </testcase>
  <testcase classname="TestBoAAppointmentPage" name="afterEachTestMethod" time="0">
    <skipped/>
  </testcase>
  <testcase classname="TestBoAAppointmentPage" name="cleanUp" time="0">
    <skipped/>
  </testcase>
  <testcase classname="TestBoAForgotCredentialsPage" name="startExtent" time="0">
    <skipped/>
  </testcase>
  <testcase classname="TestBoAForgotCredentialsPage" name="initialize" time="0">
    <skipped/>
  </testcase>
  <testcase classname="TestBoAForgotCredentialsPage" name="testCancelBtn" time="0">
    <skipped/>
  </testcase>
  <testcase classname="TestBoAForgotCredentialsPage" name="afterEachTestMethod" time="0">
    <skipped/>
  </testcase>
  <testcase classname="TestBoAForgotCredentialsPage" name="cleanUp" time="0">
    <skipped/>
  </testcase>
  <testcase classname="TestBoAHome" name="startExtent" time="0">
    <skipped/>
  </testcase>
  <testcase classname="TestBoAHome" name="initialize" time="0">
    <skipped/>
  </testcase>
  <testcase classname="TestBoAHome" name="testCreditCardsTab" time="0">
    <skipped/>
  </testcase>
  <testcase classname="TestBoAHome" name="afterEachTestMethod" time="0.001">
    <skipped/>
  </testcase>
  <testcase classname="TestBoALoanCalculatorPage" name="startExtent" time="0.001">
    <skipped/>
  </testcase>
  <testcase classname="TestBoALoanCalculatorPage" name="initialize" time="0.001">
    <skipped/>
  </testcase>
  <testcase classname="TestBoALoanCalculatorPage" name="testTotalOnly" time="0">
    <skipped/>
  </testcase>
  <testcase classname="TestBoALoanCalculatorPage" name="afterEachTestMethod" time="0">
    <skipped/>
  </testcase>
  <testcase classname="TestBoALocationsPage" name="startExtent" time="0">
    <skipped/>
  </testcase>
  <testcase classname="TestBoALocationsPage" name="initialize" time="0">
    <skipped/>
  </testcase>
  <testcase classname="TestBoALocationsPage" name="testSearchBtnHolder" time="0">
    <skipped/>
  </testcase>
  <testcase classname="TestBoALocationsPage" name="afterEachTestMethod" time="0.001">
    <skipped/>
  </testcase>
  <testcase classname="TestBoAHome" name="startExtent" time="0.001">
    <skipped/>
  </testcase>
  <testcase classname="TestBoAHome" name="initialize" time="0.001">
    <skipped/>
  </testcase>
  <testcase classname="TestBoAHome" name="testHomeLoansTab" time="0">
    <skipped/>
  </testcase>
  <testcase classname="TestBoAHome" name="afterEachTestMethod" time="0">
    <skipped/>
  </testcase>
  <testcase classname="TestBoALoanCalculatorPage" name="startExtent" time="0">
    <skipped/>
  </testcase>
  <testcase classname="TestBoALoanCalculatorPage" name="initialize" time="0">
    <skipped/>
  </testcase>
  <testcase classname="TestBoALoanCalculatorPage" name="testOnlyMonths" time="0">
    <skipped/>
  </testcase>
  <testcase classname="TestBoALoanCalculatorPage" name="afterEachTestMethod" time="0">
    <skipped/>
  </testcase>
  <testcase classname="TestBoALocationsPage" name="startExtent" time="0.001">
    <skipped/>
  </testcase>
  <testcase classname="TestBoALocationsPage" name="initialize" time="0.001">
    <skipped/>
  </testcase>
  <testcase classname="TestBoALocationsPage" name="testSearchInput" time="0">
    <skipped/>
  </testcase>
  <testcase classname="TestBoALocationsPage" name="afterEachTestMethod" time="0">
    <skipped/>
  </testcase>
  <testcase classname="TestBoAHome" name="startExtent" time="0">
    <skipped/>
  </testcase>
  <testcase classname="TestBoAHome" name="initialize" time="0">
    <skipped/>
  </testcase>
  <testcase classname="TestBoAHome" name="testAutoLoansTab" time="0.001">
    <skipped/>
  </testcase>
  <testcase classname="TestBoAHome" name="afterEachTestMethod" time="0.001">
    <skipped/>
  </testcase>
  <testcase classname="TestBoALoanCalculatorPage" name="startExtent" time="0.001">
    <skipped/>
  </testcase>
  <testcase classname="TestBoALoanCalculatorPage" name="initialize" time="0.002">
    <skipped/>
  </testcase>
  <testcase classname="TestBoALoanCalculatorPage" name="testLoanTitle" time="0">
    <skipped/>
  </testcase>
  <testcase classname="TestBoALoanCalculatorPage" name="afterEachTestMethod" time="0">
    <skipped/>
  </testcase>
  <testcase classname="TestBoALocationsPage" name="startExtent" time="0.001">
    <skipped/>
  </testcase>
  <testcase classname="TestBoALocationsPage" name="initialize" time="0.002">
    <skipped/>
  </testcase>
  <testcase classname="TestBoALocationsPage" name="testMapZoomIn" time="0">
    <skipped/>
  </testcase>
  <testcase classname="TestBoALocationsPage" name="afterEachTestMethod" time="0">
    <skipped/>
  </testcase>
  <testcase classname="TestBoAHome" name="startExtent" time="0.001">
    <skipped/>
  </testcase>
  <testcase classname="TestBoAHome" name="initialize" time="0.001">
    <skipped/>
  </testcase>
  <testcase classname="TestBoAHome" name="testInvestingTab" time="0.001">
    <skipped/>
  </testcase>
  <testcase classname="TestBoAHome" name="afterEachTestMethod" time="0.001">
    <skipped/>
  </testcase>
  <testcase classname="TestBoALoanCalculatorPage" name="startExtent" time="0.001">
    <skipped/>
  </testcase>
  <testcase classname="TestBoALoanCalculatorPage" name="initialize" time="0.001">
    <skipped/>
  </testcase>
  <testcase classname="TestBoALoanCalculatorPage" name="testVerifyTradeIn" time="0">
    <skipped/>
  </testcase>
  <testcase classname="TestBoALoanCalculatorPage" name="afterEachTestMethod" time="0">
    <skipped/>
  </testcase>
  <testcase classname="TestBoALocationsPage" name="startExtent" time="0">
    <skipped/>
  </testcase>
  <testcase classname="TestBoALocationsPage" name="initialize" time="0.001">
    <skipped/>
  </testcase>
  <testcase classname="TestBoALocationsPage" name="testMapZoomOut" time="0">
    <skipped/>
  </testcase>
  <testcase classname="TestBoALocationsPage" name="afterEachTestMethod" time="0">
    <skipped/>
  </testcase>
  <testcase classname="TestBoAHome" name="startExtent" time="0">
    <skipped/>
  </testcase>
  <testcase classname="TestBoAHome" name="initialize" time="0">
    <skipped/>
  </testcase>
  <testcase classname="TestBoAHome" name="testBetterMoneyTab" time="0">
    <skipped/>
  </testcase>
  <testcase classname="TestBoAHome" name="afterEachTestMethod" time="0">
    <skipped/>
  </testcase>
  <testcase classname="TestBoALoanCalculatorPage" name="startExtent" time="0.001">
    <skipped/>
  </testcase>
  <testcase classname="TestBoALoanCalculatorPage" name="initialize" time="0.002">
    <skipped/>
  </testcase>
  <testcase classname="TestBoALoanCalculatorPage" name="testVerifyAmtOwed" time="0">
    <skipped/>
  </testcase>
  <testcase classname="TestBoALoanCalculatorPage" name="afterEachTestMethod" time="0">
    <skipped/>
  </testcase>
  <testcase classname="TestBoALocationsPage" name="startExtent" time="0.001">
    <skipped/>
  </testcase>
  <testcase classname="TestBoALocationsPage" name="initialize" time="0.001">
    <skipped/>
  </testcase>
  <testcase classname="TestBoALocationsPage" name="testMapFullScreen" time="0">
    <skipped/>
  </testcase>
  <testcase classname="TestBoALocationsPage" name="afterEachTestMethod" time="0.001">
    <skipped/>
  </testcase>
  <testcase classname="TestBoAHome" name="startExtent" time="0.001">
    <skipped/>
  </testcase>
  <testcase classname="TestBoAHome" name="initialize" time="0.002">
    <skipped/>
  </testcase>
  <testcase classname="TestBoAHome" name="testCreditCardCashBack" time="0">
    <skipped/>
  </testcase>
  <testcase classname="TestBoAHome" name="afterEachTestMethod" time="0">
    <skipped/>
  </testcase>
  <testcase classname="TestBoALoanCalculatorPage" name="startExtent" time="0.001">
    <skipped/>
  </testcase>
  <testcase classname="TestBoALoanCalculatorPage" name="initialize" time="0.002">
    <skipped/>
  </testcase>
  <testcase classname="TestBoALoanCalculatorPage" name="testVerifyDownPayment" time="0">
    <skipped/>
  </testcase>
  <testcase classname="TestBoALoanCalculatorPage" name="afterEachTestMethod" time="0.001">
    <skipped/>
  </testcase>
  <testcase classname="TestBoALocationsPage" name="startExtent" time="0.002">
    <skipped/>
  </testcase>
  <testcase classname="TestBoALocationsPage" name="initialize" time="0.003">
    <skipped/>
  </testcase>
  <testcase classname="TestBoALocationsPage" name="testMapExitFullScreen" time="0">
    <skipped/>
  </testcase>
  <testcase classname="TestBoALocationsPage" name="afterEachTestMethod" time="0">
    <skipped/>
  </testcase>
  <testcase classname="TestBoAHome" name="startExtent" time="0.001">
    <skipped/>
  </testcase>
  <testcase classname="TestBoAHome" name="initialize" time="0.001">
    <skipped/>
  </testcase>
  <testcase classname="TestBoAHome" name="testSignInText" time="0.001">
    <skipped/>
  </testcase>
  <testcase classname="TestBoAHome" name="afterEachTestMethod" time="0.001">
    <skipped/>
  </testcase>
  <testcase classname="TestBoALoanCalculatorPage" name="startExtent" time="0.001">
    <skipped/>
  </testcase>
  <testcase classname="TestBoALoanCalculatorPage" name="initialize" time="0.002">
    <skipped/>
  </testcase>
  <testcase classname="TestBoALoanCalculatorPage" name="testVerifyCashRebate" time="0.001">
    <skipped/>
  </testcase>
  <testcase classname="TestBoALoanCalculatorPage" name="afterEachTestMethod" time="0.001">
    <skipped/>
  </testcase>
  <testcase classname="TestBoALoanCalculatorPage" name="cleanUp" time="0.001">
    <skipped/>
  </testcase>
  <testcase classname="TestBoALocationsPage" name="startExtent" time="0.003">
    <skipped/>
  </testcase>
  <testcase classname="TestBoALocationsPage" name="initialize" time="0.003">
    <skipped/>
  </testcase>
  <testcase classname="TestBoALocationsPage" name="testClickNY" time="0">
    <skipped/>
  </testcase>
  <testcase classname="TestBoALocationsPage" name="afterEachTestMethod" time="0.001">
    <skipped/>
  </testcase>
  <testcase classname="TestBoAHome" name="startExtent" time="0.001">
    <skipped/>
  </testcase>
  <testcase classname="TestBoAHome" name="initialize" time="0.002">
    <skipped/>
  </testcase>
  <testcase classname="TestBoAHome" name="testCreditCardTravels" time="0">
    <skipped/>
  </testcase>
  <testcase classname="TestBoAHome" name="afterEachTestMethod" time="0.001">
    <skipped/>
  </testcase>
  <testcase classname="TestBoALocationsPage" name="startExtent" time="0.001">
    <skipped/>
  </testcase>
  <testcase classname="TestBoALocationsPage" name="initialize" time="0.001">
    <skipped/>
  </testcase>
  <testcase classname="TestBoALocationsPage" name="testAstoriaLink" time="0">
    <skipped/>
  </testcase>
  <testcase classname="TestBoALocationsPage" name="afterEachTestMethod" time="0">
    <skipped/>
  </testcase>
  <testcase classname="TestBoAHome" name="startExtent" time="0.001">
    <skipped/>
  </testcase>
  <testcase classname="TestBoAHome" name="initialize" time="0.001">
    <skipped/>
  </testcase>
  <testcase classname="TestBoAHome" name="testCreditCardLowerInterest" time="0">
    <skipped/>
  </testcase>
  <testcase classname="TestBoAHome" name="afterEachTestMethod" time="0">
    <skipped/>
  </testcase>
  <testcase classname="TestBoALocationsPage" name="startExtent" time="0.001">
    <skipped/>
  </testcase>
  <testcase classname="TestBoALocationsPage" name="initialize" time="0.001">
    <skipped/>
  </testcase>
  <testcase classname="TestBoALocationsPage" name="testInternationLink" time="0">
    <skipped/>
  </testcase>
  <testcase classname="TestBoALocationsPage" name="afterEachTestMethod" time="0">
    <skipped/>
  </testcase>
  <testcase classname="TestBoALocationsPage" name="cleanUp" time="0.001">
    <skipped/>
  </testcase>
  <testcase classname="TestBoAHome" name="startExtent" time="0.001">
    <skipped/>
  </testcase>
  <testcase classname="TestBoAHome" name="initialize" time="0.001">
    <skipped/>
  </testcase>
  <testcase classname="TestBoAHome" name="testCreditCardPointsRewards" time="0">
    <skipped/>
  </testcase>
  <testcase classname="TestBoAHome" name="afterEachTestMethod" time="0">
    <skipped/>
  </testcase>
  <testcase classname="TestBoAHome" name="startExtent" time="0">
    <skipped/>
  </testcase>
  <testcase classname="TestBoAHome" name="initialize" time="0.001">
    <skipped/>
  </testcase>
  <testcase classname="TestBoAHome" name="testCreditCardBuildCreditCards" time="0">
    <skipped/>
  </testcase>
  <testcase classname="TestBoAHome" name="afterEachTestMethod" time="0.001">
    <skipped/>
  </testcase>
  <testcase classname="TestBoAHome" name="startExtent" time="0.001">
    <skipped/>
  </testcase>
  <testcase classname="TestBoAHome" name="initialize" time="0.001">
    <skipped/>
  </testcase>
  <testcase classname="TestBoAHome" name="testSearchSuggestion" time="0">
    <skipped/>
  </testcase>
  <testcase classname="TestBoAHome" name="afterEachTestMethod" time="0.001">
    <skipped/>
  </testcase>
  <testcase classname="TestBoAHome" name="startExtent" time="0.001">
    <skipped/>
  </testcase>
  <testcase classname="TestBoAHome" name="initialize" time="0.001">
    <skipped/>
  </testcase>
  <testcase classname="TestBoAHome" name="testSearchPlaceHolder" time="0">
    <skipped/>
  </testcase>
  <testcase classname="TestBoAHome" name="afterEachTestMethod" time="0">
    <skipped/>
  </testcase>
  <testcase classname="TestBoAHome" name="startExtent" time="0">
    <skipped/>
  </testcase>
  <testcase classname="TestBoAHome" name="initialize" time="0">
    <skipped/>
  </testcase>
  <testcase classname="TestBoAHome" name="testSmallBusinessTab" time="0">
    <skipped/>
  </testcase>
  <testcase classname="TestBoAHome" name="afterEachTestMethod" time="0">
    <skipped/>
  </testcase>
  <testcase classname="TestBoAHome" name="startExtent" time="0">
    <skipped/>
  </testcase>
  <testcase classname="TestBoAHome" name="initialize" time="0">
    <skipped/>
  </testcase>
  <testcase classname="TestBoAHome" name="testSmallBusinessTitle" time="0">
    <skipped/>
  </testcase>
  <testcase classname="TestBoAHome" name="afterEachTestMethod" time="0">
    <skipped/>
  </testcase>
  <testcase classname="TestBoAHome" name="startExtent" time="0">
    <skipped/>
  </testcase>
  <testcase classname="TestBoAHome" name="initialize" time="0">
    <skipped/>
  </testcase>
  <testcase classname="TestBoAHome" name="testWealthManagementUrl" time="0">
    <skipped/>
  </testcase>
  <testcase classname="TestBoAHome" name="afterEachTestMethod" time="0">
    <skipped/>
  </testcase>
  <testcase classname="TestBoAHome" name="startExtent" time="0.002">
    <skipped/>
  </testcase>
  <testcase classname="TestBoAHome" name="initialize" time="0.002">
    <skipped/>
  </testcase>
  <testcase classname="TestBoAHome" name="testWealthMgmtTitle" time="0">
    <skipped/>
  </testcase>
  <testcase classname="TestBoAHome" name="afterEachTestMethod" time="0.001">
    <skipped/>
  </testcase>
  <testcase classname="TestBoAHome" name="startExtent" time="0.001">
    <skipped/>
  </testcase>
  <testcase classname="TestBoAHome" name="initialize" time="0.001">
    <skipped/>
  </testcase>
  <testcase classname="TestBoAHome" name="testBusinessInstitutionUrl" time="0">
    <skipped/>
  </testcase>
  <testcase classname="TestBoAHome" name="afterEachTestMethod" time="0">
    <skipped/>
  </testcase>
  <testcase classname="TestBoAHome" name="startExtent" time="0">
    <skipped/>
  </testcase>
  <testcase classname="TestBoAHome" name="initialize" time="0">
    <skipped/>
  </testcase>
  <testcase classname="TestBoAHome" name="testBusinessInstitutionTitle" time="0">
    <skipped/>
  </testcase>
  <testcase classname="TestBoAHome" name="afterEachTestMethod" time="0.001">
    <skipped/>
  </testcase>
  <testcase classname="TestBoAHome" name="startExtent" time="0.001">
    <skipped/>
  </testcase>
  <testcase classname="TestBoAHome" name="initialize" time="0.002">
    <skipped/>
  </testcase>
  <testcase classname="TestBoAHome" name="testAboutUsUrl" time="0">
    <skipped/>
  </testcase>
  <testcase classname="TestBoAHome" name="afterEachTestMethod" time="0">
    <skipped/>
  </testcase>
  <testcase classname="TestBoAHome" name="startExtent" time="0">
    <skipped/>
  </testcase>
  <testcase classname="TestBoAHome" name="initialize" time="0.001">
    <skipped/>
  </testcase>
  <testcase classname="TestBoAHome" name="testSaveCredentials" time="0">
    <skipped/>
  </testcase>
  <testcase classname="TestBoAHome" name="afterEachTestMethod" time="0">
    <skipped/>
  </testcase>
  <testcase classname="TestBoAHome" name="startExtent" time="0.001">
    <skipped/>
  </testcase>
  <testcase classname="TestBoAHome" name="initialize" time="0.001">
    <skipped/>
  </testcase>
  <testcase classname="TestBoAHome" name="testEspanolLink" time="0">
    <skipped/>
  </testcase>
  <testcase classname="TestBoAHome" name="afterEachTestMethod" time="0">
    <skipped/>
  </testcase>
  <testcase classname="TestBoAHome" name="startExtent" time="0.001">
    <skipped/>
  </testcase>
  <testcase classname="TestBoAHome" name="initialize" time="0.001">
    <skipped/>
  </testcase>
  <testcase classname="TestBoAHome" name="testEspanolTitle" time="0">
    <skipped/>
  </testcase>
  <testcase classname="TestBoAHome" name="afterEachTestMethod" time="0">
    <skipped/>
  </testcase>
  <testcase classname="TestBoAHome" name="startExtent" time="0">
    <skipped/>
  </testcase>
  <testcase classname="TestBoAHome" name="initialize" time="0">
    <skipped/>
  </testcase>
  <testcase classname="TestBoAHome" name="testContactUs" time="0">
    <skipped/>
  </testcase>
  <testcase classname="TestBoAHome" name="afterEachTestMethod" time="0">
    <skipped/>
  </testcase>
  <testcase classname="TestBoAHome" name="startExtent" time="0.001">
    <skipped/>
  </testcase>
  <testcase classname="TestBoAHome" name="initialize" time="0.001">
    <skipped/>
  </testcase>
  <testcase classname="TestBoAHome" name="testContactUsTitle" time="0">
    <skipped/>
  </testcase>
  <testcase classname="TestBoAHome" name="afterEachTestMethod" time="0">
    <skipped/>
  </testcase>
  <testcase classname="TestBoAHome" name="cleanUp" time="0">
    <skipped/>
  </testcase>
  <testcase classname="TestBoAForgotCredentialsPage" name="generateReport" time="5.117">
    <skipped/>
  </testcase>
</testsuite>